<?xml version="1.0" encoding="UTF-8"?>
<!-- Generated by org.testng.reporters.JUnitReportReporter -->
<testsuite hostname="EPRUPETW0E1B" failures="0" tests="1" name="hw2.ex2.DifferentElementsTest" time="2.024" errors="0" timestamp="2021-10-31T20:09:29 MSK" skipped="0">
  <testcase classname="hw2.ex2.DifferentElementsTest" name="checkDifferentElementsTest" time="2.024"/>
  <system-out/>
</testsuite> <!-- hw2.ex2.DifferentElementsTest -->
