<?xml version="1.0" encoding="UTF-8"?>
<!-- Generated by org.testng.reporters.JUnitReportReporter -->
<testsuite hostname="EPRUPETW0E1B" failures="0" tests="1" name="hw2.ex1.HomePageTest" time="1.951" errors="0" timestamp="2021-10-31T20:09:29 MSK" skipped="0">
  <testcase classname="hw2.ex1.HomePageTest" name="checkElementsTest" time="1.951"/>
  <system-out/>
</testsuite> <!-- hw2.ex1.HomePageTest -->
